Performing C SOURCE FILE Test CMAKE_HAVE_LIBC_PTHREAD failed with the following output:
Change Dir: /home/user/lovelyGameEngine/nanogui/build/CMakeFiles/CMakeTmp

Run Build Command(s):/usr/bin/make cmTC_050c6/fast && /usr/bin/make  -f CMakeFiles/cmTC_050c6.dir/build.make CMakeFiles/cmTC_050c6.dir/build
make[1]: Entering directory '/home/user/lovelyGameEngine/nanogui/build/CMakeFiles/CMakeTmp'
Building C object CMakeFiles/cmTC_050c6.dir/src.c.o
/usr/bin/cc   -DCMAKE_HAVE_LIBC_PTHREAD -o CMakeFiles/cmTC_050c6.dir/src.c.o -c /home/user/lovelyGameEngine/nanogui/build/CMakeFiles/CMakeTmp/src.c
Linking C executable cmTC_050c6
/usr/bin/cmake -E cmake_link_script CMakeFiles/cmTC_050c6.dir/link.txt --verbose=1
/usr/bin/cc  -DCMAKE_HAVE_LIBC_PTHREAD -rdynamic CMakeFiles/cmTC_050c6.dir/src.c.o -o cmTC_050c6 
/usr/bin/ld: CMakeFiles/cmTC_050c6.dir/src.c.o: in function `main':
src.c:(.text+0x2f): undefined reference to `pthread_create'
/usr/bin/ld: src.c:(.text+0x3b): undefined reference to `pthread_detach'
/usr/bin/ld: src.c:(.text+0x47): undefined reference to `pthread_cancel'
/usr/bin/ld: src.c:(.text+0x58): undefined reference to `pthread_join'
collect2: error: ld returned 1 exit status
make[1]: *** [CMakeFiles/cmTC_050c6.dir/build.make:106: cmTC_050c6] Error 1
make[1]: Leaving directory '/home/user/lovelyGameEngine/nanogui/build/CMakeFiles/CMakeTmp'
make: *** [Makefile:140: cmTC_050c6/fast] Error 2


Source file was:
#include <pthread.h>

void* test_func(void* data)
{
  return data;
}

int main(void)
{
  pthread_t thread;
  pthread_create(&thread, NULL, test_func, NULL);
  pthread_detach(thread);
  pthread_cancel(thread);
  pthread_join(thread, NULL);
  pthread_atfork(NULL, NULL, NULL);
  pthread_exit(NULL);

  return 0;
}

Determining if the function pthread_create exists in the pthreads failed with the following output:
Change Dir: /home/user/lovelyGameEngine/nanogui/build/CMakeFiles/CMakeTmp

Run Build Command(s):/usr/bin/make cmTC_99cec/fast && /usr/bin/make  -f CMakeFiles/cmTC_99cec.dir/build.make CMakeFiles/cmTC_99cec.dir/build
make[1]: Entering directory '/home/user/lovelyGameEngine/nanogui/build/CMakeFiles/CMakeTmp'
Building C object CMakeFiles/cmTC_99cec.dir/CheckFunctionExists.c.o
/usr/bin/cc   -DCHECK_FUNCTION_EXISTS=pthread_create -o CMakeFiles/cmTC_99cec.dir/CheckFunctionExists.c.o -c /usr/share/cmake-3.18/Modules/CheckFunctionExists.c
Linking C executable cmTC_99cec
/usr/bin/cmake -E cmake_link_script CMakeFiles/cmTC_99cec.dir/link.txt --verbose=1
/usr/bin/cc  -DCHECK_FUNCTION_EXISTS=pthread_create -rdynamic CMakeFiles/cmTC_99cec.dir/CheckFunctionExists.c.o -o cmTC_99cec  -lpthreads 
/usr/bin/ld: cannot find -lpthreads
collect2: error: ld returned 1 exit status
make[1]: *** [CMakeFiles/cmTC_99cec.dir/build.make:106: cmTC_99cec] Error 1
make[1]: Leaving directory '/home/user/lovelyGameEngine/nanogui/build/CMakeFiles/CMakeTmp'
make: *** [Makefile:140: cmTC_99cec/fast] Error 2



